Using pre-set license
Built from '2021.3/staging' branch; Version is '2021.3.16f1 (4016570cf34f) revision 4200023'; Using compiler version '192829333'; Build Type 'Release'
OS: 'Windows 10  (10.0.19045) 64bit Core' Language: 'en' Physical Memory: 3962 MB
BatchMode: 1, IsHumanControllingUs: 0, StartBugReporterOnCrash: 0, Is64bit: 1, IsPro: 1

COMMAND LINE ARGUMENTS:
C:\Program Files\Unity\Hub\Editor\2021.3.16f1\Editor\Unity.exe
-adb2
-batchMode
-noUpm
-name
AssetImportWorker0
-projectPath
C:/Users/bonde/EscapeVR/Escape from Bobas
-logFile
Logs/AssetImportWorker0.log
-srvPort
64553
Successfully changed project path to: C:/Users/bonde/EscapeVR/Escape from Bobas
C:/Users/bonde/EscapeVR/Escape from Bobas
[UnityMemory] Configuration Parameters - Can be set up in boot.config
    "memorysetup-bucket-allocator-granularity=16"
    "memorysetup-bucket-allocator-bucket-count=8"
    "memorysetup-bucket-allocator-block-size=33554432"
    "memorysetup-bucket-allocator-block-count=8"
    "memorysetup-main-allocator-block-size=16777216"
    "memorysetup-thread-allocator-block-size=16777216"
    "memorysetup-gfx-main-allocator-block-size=16777216"
    "memorysetup-gfx-thread-allocator-block-size=16777216"
    "memorysetup-cache-allocator-block-size=4194304"
    "memorysetup-typetree-allocator-block-size=2097152"
    "memorysetup-profiler-bucket-allocator-granularity=16"
    "memorysetup-profiler-bucket-allocator-bucket-count=8"
    "memorysetup-profiler-bucket-allocator-block-size=33554432"
    "memorysetup-profiler-bucket-allocator-block-count=8"
    "memorysetup-profiler-allocator-block-size=16777216"
    "memorysetup-profiler-editor-allocator-block-size=1048576"
    "memorysetup-temp-allocator-size-main=16777216"
    "memorysetup-job-temp-allocator-block-size=2097152"
    "memorysetup-job-temp-allocator-block-size-background=1048576"
    "memorysetup-job-temp-allocator-reduction-small-platforms=262144"
    "memorysetup-temp-allocator-size-background-worker=32768"
    "memorysetup-temp-allocator-size-job-worker=262144"
    "memorysetup-temp-allocator-size-preload-manager=33554432"
    "memorysetup-temp-allocator-size-nav-mesh-worker=65536"
    "memorysetup-temp-allocator-size-audio-worker=65536"
    "memorysetup-temp-allocator-size-cloud-worker=32768"
    "memorysetup-temp-allocator-size-gi-baking-worker=262144"
    "memorysetup-temp-allocator-size-gfx=262144"
Player connection [10584] Host "[IP] 10.131.103.18 [Port] 0 [Flags] 2 [Guid] 2914526140 [EditorId] 2914526140 [Version] 1048832 [Id] WindowsEditor(7,LAPTOP-MPLB0PB9) [Debug] 1 [PackageName] WindowsEditor [ProjectName] Editor" joined multi-casting on [225.0.0.222:54997]...

Player connection [10584] Host "[IP] 10.131.103.18 [Port] 0 [Flags] 2 [Guid] 2914526140 [EditorId] 2914526140 [Version] 1048832 [Id] WindowsEditor(7,LAPTOP-MPLB0PB9) [Debug] 1 [PackageName] WindowsEditor [ProjectName] Editor" joined alternative multi-casting on [225.0.0.222:34997]...

Refreshing native plugins compatible for Editor in 475.77 ms, found 9 plugins.
Preloading 0 native plugins for Editor in 0.00 ms.
Initialize engine version: 2021.3.16f1 (4016570cf34f)
[Subsystems] Discovering subsystems at path C:/Program Files/Unity/Hub/Editor/2021.3.16f1/Editor/Data/Resources/UnitySubsystems
[Subsystems] Discovering subsystems at path C:/Users/bonde/EscapeVR/Escape from Bobas/Assets
GfxDevice: creating device client; threaded=0; jobified=0
Direct3D:
    Version:  Direct3D 11.0 [level 11.1]
    Renderer: Intel(R) HD Graphics 610 (ID=0x5906)
    Vendor:   Intel
    VRAM:     1981 MB
    Driver:   22.20.16.4815
Initialize mono
Mono path[0] = 'C:/Program Files/Unity/Hub/Editor/2021.3.16f1/Editor/Data/Managed'
Mono path[1] = 'C:/Program Files/Unity/Hub/Editor/2021.3.16f1/Editor/Data/MonoBleedingEdge/lib/mono/unityjit-win32'
Mono config path = 'C:/Program Files/Unity/Hub/Editor/2021.3.16f1/Editor/Data/MonoBleedingEdge/etc'
Using monoOptions --debugger-agent=transport=dt_socket,embedding=1,server=y,suspend=n,address=127.0.0.1:56000
Begin MonoManager ReloadAssembly
Registering precompiled unity dll's ...
Register platform support module: C:/Program Files/Unity/Hub/Editor/2021.3.16f1/Editor/Data/PlaybackEngines/AndroidPlayer/UnityEditor.Android.Extensions.dll
Register platform support module: C:/Program Files/Unity/Hub/Editor/2021.3.16f1/Editor/Data/PlaybackEngines/WindowsStandaloneSupport/UnityEditor.WindowsStandalone.Extensions.dll
Registered in 0.025705 seconds.
Native extension for WindowsStandalone target not found
Native extension for Android target not found
Refreshing native plugins compatible for Editor in 162.96 ms, found 9 plugins.
Preloading 0 native plugins for Editor in 0.00 ms.
Mono: successfully reloaded assembly
- Completed reload, in  1.538 seconds
Domain Reload Profiling:
	ReloadAssembly (1539ms)
		BeginReloadAssembly (258ms)
			ExecutionOrderSort (0ms)
			DisableScriptedObjects (0ms)
			BackupInstance (0ms)
			ReleaseScriptingObjects (0ms)
			CreateAndSetChildDomain (3ms)
		EndReloadAssembly (965ms)
			LoadAssemblies (249ms)
			RebuildTransferFunctionScriptingTraits (1ms)
			SetupTypeCache (219ms)
			ReleaseScriptCaches (0ms)
			RebuildScriptCaches (50ms)
			SetupLoadedEditorAssemblies (591ms)
				LogAssemblyErrors (0ms)
				InitializePlatformSupportModulesInManaged (127ms)
				SetLoadedEditorAssemblies (0ms)
				RefreshPlugins (163ms)
				BeforeProcessingInitializeOnLoad (2ms)
				ProcessInitializeOnLoadAttributes (203ms)
				ProcessInitializeOnLoadMethodAttributes (95ms)
				AfterProcessingInitializeOnLoad (0ms)
				EditorAssembliesLoaded (1ms)
			ExecutionOrderSort2 (0ms)
			AwakeInstancesAfterBackupRestoration (0ms)
Platform modules already initialized, skipping
Registering precompiled user dll's ...
Registered in 0.022443 seconds.
Android Extension - Scanning For ADB Devices 7026 ms
Begin MonoManager ReloadAssembly
Symbol file LoadedFromMemory doesn't match image C:\Users\bonde\EscapeVR\Escape from Bobas\Library\PackageCache\com.unity.visualscripting@1.7.8\Editor\VisualScripting.Core\Dependencies\DotNetZip\Unity.VisualScripting.IonicZip.dll
Symbol file LoadedFromMemory doesn't match image C:\Users\bonde\EscapeVR\Escape from Bobas\Library\PackageCache\com.unity.visualscripting@1.7.8\Editor\VisualScripting.Core\Dependencies\YamlDotNet\Unity.VisualScripting.YamlDotNet.dll
Native extension for WindowsStandalone target not found
Native extension for Android target not found
Refreshing native plugins compatible for Editor in 409.69 ms, found 9 plugins.
Preloading 0 native plugins for Editor in 0.00 ms.
Package Manager log level set to [2]
Mono: successfully reloaded assembly
- Completed reload, in  4.594 seconds
Domain Reload Profiling:
	ReloadAssembly (4599ms)
		BeginReloadAssembly (206ms)
			ExecutionOrderSort (0ms)
			DisableScriptedObjects (11ms)
			BackupInstance (0ms)
			ReleaseScriptingObjects (0ms)
			CreateAndSetChildDomain (35ms)
		EndReloadAssembly (4135ms)
			LoadAssemblies (270ms)
			RebuildTransferFunctionScriptingTraits (0ms)
			SetupTypeCache (684ms)
			ReleaseScriptCaches (2ms)
			RebuildScriptCaches (112ms)
			SetupLoadedEditorAssemblies (2808ms)
				LogAssemblyErrors (0ms)
				InitializePlatformSupportModulesInManaged (139ms)
				SetLoadedEditorAssemblies (0ms)
				RefreshPlugins (410ms)
				BeforeProcessingInitializeOnLoad (556ms)
				ProcessInitializeOnLoadAttributes (1523ms)
				ProcessInitializeOnLoadMethodAttributes (123ms)
				AfterProcessingInitializeOnLoad (57ms)
				EditorAssembliesLoaded (0ms)
			ExecutionOrderSort2 (0ms)
			AwakeInstancesAfterBackupRestoration (28ms)
Platform modules already initialized, skipping
========================================================================
Worker process is ready to serve import requests
Launched and connected shader compiler UnityShaderCompiler.exe after 0.11 seconds
Refreshing native plugins compatible for Editor in 4.53 ms, found 9 plugins.
Preloading 0 native plugins for Editor in 0.00 ms.
Unloading 4188 Unused Serialized files (Serialized files now loaded: 0)
Unloading 53 unused Assets / (115.4 KB). Loaded Objects now: 4627.
Memory consumption went from 145.9 MB to 145.8 MB.
Total: 14.350700 ms (FindLiveObjects: 0.850500 ms CreateObjectMapping: 1.046500 ms MarkObjects: 11.548600 ms  DeleteObjects: 0.902200 ms)

AssetImportParameters requested are different than current active one (requested -> active):
  custom:video-decoder-ogg-theora: a1e56fd34408186e4bbccfd4996cb3dc -> 
  custom:container-muxer-webm: aa71ff27fc2769a1b78a27578f13a17b -> 
  custom:container-demuxer-webm: 4f35f7cbe854078d1ac9338744f61a02 -> 
  custom:video-encoder-webm-vp8: eb34c28f22e8b96e1ab97ce403110664 -> 
  custom:video-codec-MediaFoundation-h265: 746d11721c4dcdbdad8f713fa42b33f4 -> 
  custom:audio-encoder-webm-vorbis: bf7c407c2cedff20999df2af8eb42d56 -> 
  custom:framework-win-MediaFoundation: 216162199b28c13a410421893ffa2e32 -> 
  custom:container-demuxer-ogg: 62fdf1f143b41e24485cea50d1cbac27 -> 
  custom:video-decoder-webm-vp8: 9c59270c3fd7afecdb556c50c9e8de78 -> 
  custom:audio-decoder-ogg-vorbis: bf7c407c2cedff20999df2af8eb42d56 -> 
========================================================================
Received Import Request.
  Time since last request: 17887.718246 seconds.
  path: Assets/Models/Table.fbx
  artifactKey: Guid(729126cb2aca3b246aa32c47f61dec67) Importer(815301076,1909f56bfc062723c751e8b465ee728b)
Start importing Assets/Models/Table.fbx using Guid(729126cb2aca3b246aa32c47f61dec67) Importer(815301076,1909f56bfc062723c751e8b465ee728b)  -> (artifact id: '39afe0c59d7dca306ebe3d8ac227f7a5') in 1.050931 seconds 
========================================================================
Received Import Request.
  Time since last request: 4.831833 seconds.
  path: Assets/Models/Materials/CK_DK_MUS_LIMITED_EDITION.png
  artifactKey: Guid(6dfc5d8c9c6f6144f91202e2c50f400a) Importer(815301076,1909f56bfc062723c751e8b465ee728b)
Start importing Assets/Models/Materials/CK_DK_MUS_LIMITED_EDITION.png using Guid(6dfc5d8c9c6f6144f91202e2c50f400a) Importer(815301076,1909f56bfc062723c751e8b465ee728b)  -> (artifact id: '447afcb5dc4208ed747bc55a1444dfd8') in 0.095814 seconds 
========================================================================
Received Import Request.
  Time since last request: 0.000042 seconds.
  path: Assets/Models/Materials/Layer_2 (1).png
  artifactKey: Guid(ceb9ddd62acd29b4a962730d0a070e6c) Importer(815301076,1909f56bfc062723c751e8b465ee728b)
Start importing Assets/Models/Materials/Layer_2 (1).png using Guid(ceb9ddd62acd29b4a962730d0a070e6c) Importer(815301076,1909f56bfc062723c751e8b465ee728b)  -> (artifact id: 'cd4409961633dd39b0b92843f1ab30b5') in 0.042966 seconds 
========================================================================
Received Import Request.
  Time since last request: 0.000044 seconds.
  path: Assets/Models/Materials/Layer_2.png
  artifactKey: Guid(714cf8c51fa63b94d9aa7c4fbaf9d6e5) Importer(815301076,1909f56bfc062723c751e8b465ee728b)
Start importing Assets/Models/Materials/Layer_2.png using Guid(714cf8c51fa63b94d9aa7c4fbaf9d6e5) Importer(815301076,1909f56bfc062723c751e8b465ee728b)  -> (artifact id: '4b326bd9291b2c2f3c257fa1d75f6b0e') in 0.045694 seconds 
========================================================================
Received Import Request.
  Time since last request: 0.000030 seconds.
  path: Assets/Models/Materials/Layer_3 (2).png
  artifactKey: Guid(6e108364d62fabe41976d37d3ee9ea23) Importer(815301076,1909f56bfc062723c751e8b465ee728b)
Start importing Assets/Models/Materials/Layer_3 (2).png using Guid(6e108364d62fabe41976d37d3ee9ea23) Importer(815301076,1909f56bfc062723c751e8b465ee728b)  -> (artifact id: '5e81d8e193498d9baede0ac09f8b9f6a') in 0.044466 seconds 
========================================================================
Received Import Request.
  Time since last request: 0.000031 seconds.
  path: Assets/Models/Materials/Rectangle_2.png
  artifactKey: Guid(ebbbe6af5b104e742acd62918b50fc2a) Importer(815301076,1909f56bfc062723c751e8b465ee728b)
Start importing Assets/Models/Materials/Rectangle_2.png using Guid(ebbbe6af5b104e742acd62918b50fc2a) Importer(815301076,1909f56bfc062723c751e8b465ee728b)  -> (artifact id: 'c65b1a9b32a639ece55df6e7b648614b') in 0.039438 seconds 
========================================================================
Received Import Request.
  Time since last request: 0.000035 seconds.
  path: Assets/Models/Materials/Layer_1.png
  artifactKey: Guid(fc649082dfe6f53498f1c83731a0fec8) Importer(815301076,1909f56bfc062723c751e8b465ee728b)
Start importing Assets/Models/Materials/Layer_1.png using Guid(fc649082dfe6f53498f1c83731a0fec8) Importer(815301076,1909f56bfc062723c751e8b465ee728b)  -> (artifact id: '4b6e69352315c40fd81de330db5fb39c') in 0.055091 seconds 
========================================================================
Received Import Request.
  Time since last request: 0.000035 seconds.
  path: Assets/Models/Materials/lenovo-logo-black-and-white-1.png
  artifactKey: Guid(747cf24ae5dd41a49bccb4d5e7f4843a) Importer(815301076,1909f56bfc062723c751e8b465ee728b)
Start importing Assets/Models/Materials/lenovo-logo-black-and-white-1.png using Guid(747cf24ae5dd41a49bccb4d5e7f4843a) Importer(815301076,1909f56bfc062723c751e8b465ee728b)  -> (artifact id: 'ddd38d425764ce0a9aa3c7289a4ae8ac') in 0.048304 seconds 
========================================================================
Received Import Request.
  Time since last request: 0.000060 seconds.
  path: Assets/Models/Materials/Layer_3 (1).png
  artifactKey: Guid(ccc2604c250e2154081541f486c7c9f5) Importer(815301076,1909f56bfc062723c751e8b465ee728b)
Start importing Assets/Models/Materials/Layer_3 (1).png using Guid(ccc2604c250e2154081541f486c7c9f5) Importer(815301076,1909f56bfc062723c751e8b465ee728b)  -> (artifact id: 'c4c0e70c1ca3d46d13a229fd019445ec') in 0.076103 seconds 
========================================================================
Received Import Request.
  Time since last request: 0.000044 seconds.
  path: Assets/Models/Materials/Macboas.png
  artifactKey: Guid(3c0ca8f3fe8582b409ac7a0428b95d41) Importer(815301076,1909f56bfc062723c751e8b465ee728b)
Start importing Assets/Models/Materials/Macboas.png using Guid(3c0ca8f3fe8582b409ac7a0428b95d41) Importer(815301076,1909f56bfc062723c751e8b465ee728b)  -> (artifact id: '8088b509fcb523dca082fc5f08db148b') in 0.030791 seconds 
========================================================================
Received Import Request.
  Time since last request: 0.000029 seconds.
  path: Assets/Models/Materials/Rectangle_2 (1).png
  artifactKey: Guid(fb3d1f73c703feb46bc5b03503f09bc7) Importer(815301076,1909f56bfc062723c751e8b465ee728b)
Start importing Assets/Models/Materials/Rectangle_2 (1).png using Guid(fb3d1f73c703feb46bc5b03503f09bc7) Importer(815301076,1909f56bfc062723c751e8b465ee728b)  -> (artifact id: '38d860500792123b2a2c6564396d0ca5') in 0.051366 seconds 
========================================================================
Received Import Request.
  Time since last request: 0.000055 seconds.
  path: Assets/Models/Materials/Layer_3.png
  artifactKey: Guid(c9bfa738271035945b20dff9aaa1d483) Importer(815301076,1909f56bfc062723c751e8b465ee728b)
Start importing Assets/Models/Materials/Layer_3.png using Guid(c9bfa738271035945b20dff9aaa1d483) Importer(815301076,1909f56bfc062723c751e8b465ee728b)  -> (artifact id: '96f9a50ef647ae89259cdd5bc550a9e6') in 0.048063 seconds 
========================================================================
Received Import Request.
  Time since last request: 1186.016190 seconds.
  path: Assets/Models/Materials/Materials/CK_DK_MUS_LIMITED_EDITION.mat
  artifactKey: Guid(d0b2a17ae1692f746926a5b8b3d6f828) Importer(815301076,1909f56bfc062723c751e8b465ee728b)
Start importing Assets/Models/Materials/Materials/CK_DK_MUS_LIMITED_EDITION.mat using Guid(d0b2a17ae1692f746926a5b8b3d6f828) Importer(815301076,1909f56bfc062723c751e8b465ee728b)  -> (artifact id: 'b45adbcd706dd6f53a38401ae2052d7b') in 0.090466 seconds 
========================================================================
Received Import Request.
  Time since last request: 0.000061 seconds.
  path: Assets/Models/Materials/Materials/Layer_3 (1).mat
  artifactKey: Guid(feecbb14a643eb241a54d1c125846e4d) Importer(815301076,1909f56bfc062723c751e8b465ee728b)
Start importing Assets/Models/Materials/Materials/Layer_3 (1).mat using Guid(feecbb14a643eb241a54d1c125846e4d) Importer(815301076,1909f56bfc062723c751e8b465ee728b)  -> (artifact id: '4004b23818d675b792ca57cc6bdeea85') in 0.055518 seconds 
========================================================================
Received Import Request.
  Time since last request: 0.000068 seconds.
  path: Assets/Models/Materials/Materials/Layer_3.mat
  artifactKey: Guid(cf3e6a653d6732043a3a9f92e70916e1) Importer(815301076,1909f56bfc062723c751e8b465ee728b)
Start importing Assets/Models/Materials/Materials/Layer_3.mat using Guid(cf3e6a653d6732043a3a9f92e70916e1) Importer(815301076,1909f56bfc062723c751e8b465ee728b)  -> (artifact id: '76736fe739c235db22c77e4619a3f4ee') in 0.046161 seconds 
========================================================================
Received Import Request.
  Time since last request: 0.000037 seconds.
  path: Assets/Models/Materials/Materials/Layer_2 (1).mat
  artifactKey: Guid(be0e1065133e07945a3104111730e5f7) Importer(815301076,1909f56bfc062723c751e8b465ee728b)
Start importing Assets/Models/Materials/Materials/Layer_2 (1).mat using Guid(be0e1065133e07945a3104111730e5f7) Importer(815301076,1909f56bfc062723c751e8b465ee728b)  -> (artifact id: 'c16655c520c8c0e8303b0d80c4c56fbf') in 0.052878 seconds 
========================================================================
Received Import Request.
  Time since last request: 0.000069 seconds.
  path: Assets/Models/Materials/Materials/Layer_1.mat
  artifactKey: Guid(841eea7275ad9664ba9a182f9eb672c7) Importer(815301076,1909f56bfc062723c751e8b465ee728b)
Start importing Assets/Models/Materials/Materials/Layer_1.mat using Guid(841eea7275ad9664ba9a182f9eb672c7) Importer(815301076,1909f56bfc062723c751e8b465ee728b)  -> (artifact id: '9e3563be88c0accff38d753c6740ffef') in 0.039523 seconds 
